<?xml version="1.0" encoding="UTF-8"?>
<!-- Generated by org.testng.reporters.JUnitXMLReporter -->
<testsuite ignored="0" hostname="DESKTOP-IBRAP3P" failures="0" tests="1" name="Test" time="11.362" errors="0" timestamp="2023-10-31T11:51:23 IST">
  <testcase classname="genericUtility.BaseClass" name="@AfterMethod amConfig" time="0.0">
    <failure type="java.lang.Error" message="Unresolved compilation problem: 
	The method mouseHoverAction(WebDriver, WebElement) is undefined for the type HomePage
">
      <![CDATA[java.lang.Error: Unresolved compilation problem: 
The method mouseHoverAction(WebDriver, WebElement) is undefined for the type HomePage

at objectRepository.HomePage.logoutOfApp(HomePage.java:63)
at genericUtility.BaseClass.amConfig(BaseClass.java:77)
at java.base/java.util.ArrayList.forEach(ArrayList.java:1511)
... Removed 32 stack frames]]>
    </failure>
  </testcase> <!-- @AfterMethod amConfig -->
  <testcase classname="practice.New" name="practice" time="4.662"/>
</testsuite> <!-- Test -->
